<?xml version="1.0" encoding="UTF-8"?>
<!-- Generated by org.testng.reporters.JUnitXMLReporter -->
<testsuite hostname="User-PC" ignored="0" name="test" tests="2" failures="1" timestamp="02 Dec 2018 05:21:09 GMT" time="150.036" errors="0">
  <testcase name="Test1" time="17.787" classname="com.Itestresult.checking.ITestResultReportTesting">
    <failure type="java.lang.AssertionError">
      <![CDATA[java.lang.AssertionError
at org.junit.Assert.fail(Assert.java:86)
at org.junit.Assert.assertTrue(Assert.java:41)
at org.junit.Assert.assertFalse(Assert.java:64)
at org.junit.Assert.assertFalse(Assert.java:74)
at com.Itestresult.checking.ITestResultReportTesting.Test1(ITestResultReportTesting.java:27)
... Removed 25 stack frames]]>
    </failure>
  </testcase> <!-- Test1 -->
  <testcase name="Test2" time="131.816" classname="com.Itestresult.checking.ITestResultReportTesting"/>
</testsuite> <!-- test -->
