<?xml version="1.0" encoding="UTF-8"?>
<!-- Generated by org.testng.reporters.JUnitXMLReporter -->
<testsuite hostname="User-PC" ignored="0" name="Test" tests="3" failures="1" timestamp="04 Dec 2018 04:54:38 GMT" time="0.088" errors="0">
  <testcase name="test1" time="0.014" classname="test.ITest.listener.BaseTest"/>
  <testcase name="test2" time="0.008" classname="test.ITest.listener.BaseTest">
    <failure type="java.lang.AssertionError" message="expected [true] but found [false]">
      <![CDATA[java.lang.AssertionError: expected [true] but found [false]
at test.ITest.listener.BaseTest.test2(BaseTest.java:21)
... Removed 29 stack frames]]>
    </failure>
  </testcase> <!-- test2 -->
  <testcase name="test3" time="0.0" classname="test.ITest.listener.BaseTest">
    <skipped/>
  </testcase> <!-- test3 -->
</testsuite> <!-- Test -->
