<?xml version="1.0" encoding="UTF-8"?>
<testng-results skipped="0" failed="0" ignored="0" total="1" passed="1">
  <reporter-output>
  </reporter-output>
  <suite name="Default suite" duration-ms="46" started-at="2019-01-20T05:28:48Z" finished-at="2019-01-20T05:28:48Z">
    <groups>
    </groups>
    <test name="Default test" duration-ms="46" started-at="2019-01-20T05:28:48Z" finished-at="2019-01-20T05:28:48Z">
      <class name="log4j.framework.TestLog4j">
        <test-method status="PASS" signature="loadlog4J()[pri:0, instance:log4j.framework.TestLog4j@1ed4004b]" name="loadlog4J" is-config="true" duration-ms="16" started-at="2019-01-20T05:28:48Z" finished-at="2019-01-20T05:28:48Z">
          <reporter-output>
          </reporter-output>
        </test-method> <!-- loadlog4J -->
        <test-method status="PASS" signature="testLogin()[pri:0, instance:log4j.framework.TestLog4j@1ed4004b]" name="testLogin" duration-ms="8" started-at="2019-01-20T05:28:48Z" finished-at="2019-01-20T05:28:48Z">
          <reporter-output>
          </reporter-output>
        </test-method> <!-- testLogin -->
      </class> <!-- log4j.framework.TestLog4j -->
    </test> <!-- Default test -->
  </suite> <!-- Default suite -->
</testng-results>
